Determining if the Q_WS_WIN exist failed with the following output:
Change Dir: /home/users/matthew/DDSA-ARGoS/build/CMakeFiles/CMakeTmp

Run Build Command:/usr/bin/make "cmTryCompileExec3060615649/fast"
/usr/bin/make -f CMakeFiles/cmTryCompileExec3060615649.dir/build.make CMakeFiles/cmTryCompileExec3060615649.dir/build
make[1]: Entering directory `/home/users/matthew/DDSA-ARGoS/build/CMakeFiles/CMakeTmp'
/usr/bin/cmake -E cmake_progress_report /home/users/matthew/DDSA-ARGoS/build/CMakeFiles/CMakeTmp/CMakeFiles 1
Building CXX object CMakeFiles/cmTryCompileExec3060615649.dir/CheckSymbolExists.cxx.o
/usr/bin/c++    -std=c++0x  -I/usr/include/qt4    -o CMakeFiles/cmTryCompileExec3060615649.dir/CheckSymbolExists.cxx.o -c /home/users/matthew/DDSA-ARGoS/build/CMakeFiles/CMakeTmp/CheckSymbolExists.cxx
/home/users/matthew/DDSA-ARGoS/build/CMakeFiles/CMakeTmp/CheckSymbolExists.cxx: In function ‘int main(int, char**)’:
/home/users/matthew/DDSA-ARGoS/build/CMakeFiles/CMakeTmp/CheckSymbolExists.cxx:8:19: error: ‘Q_WS_WIN’ was not declared in this scope
   return ((int*)(&Q_WS_WIN))[argc];
                   ^
make[1]: Leaving directory `/home/users/matthew/DDSA-ARGoS/build/CMakeFiles/CMakeTmp'
make[1]: *** [CMakeFiles/cmTryCompileExec3060615649.dir/CheckSymbolExists.cxx.o] Error 1
make: *** [cmTryCompileExec3060615649/fast] Error 2

File /home/users/matthew/DDSA-ARGoS/build/CMakeFiles/CMakeTmp/CheckSymbolExists.cxx:
/* */
#include <QtCore/qglobal.h>

int main(int argc, char** argv)
{
  (void)argv;
#ifndef Q_WS_WIN
  return ((int*)(&Q_WS_WIN))[argc];
#else
  (void)argc;
  return 0;
#endif
}

Determining if the Q_WS_QWS exist failed with the following output:
Change Dir: /home/users/matthew/DDSA-ARGoS/build/CMakeFiles/CMakeTmp

Run Build Command:/usr/bin/make "cmTryCompileExec2771039098/fast"
/usr/bin/make -f CMakeFiles/cmTryCompileExec2771039098.dir/build.make CMakeFiles/cmTryCompileExec2771039098.dir/build
make[1]: Entering directory `/home/users/matthew/DDSA-ARGoS/build/CMakeFiles/CMakeTmp'
/usr/bin/cmake -E cmake_progress_report /home/users/matthew/DDSA-ARGoS/build/CMakeFiles/CMakeTmp/CMakeFiles 1
Building CXX object CMakeFiles/cmTryCompileExec2771039098.dir/CheckSymbolExists.cxx.o
/usr/bin/c++    -std=c++0x  -I/usr/include/qt4    -o CMakeFiles/cmTryCompileExec2771039098.dir/CheckSymbolExists.cxx.o -c /home/users/matthew/DDSA-ARGoS/build/CMakeFiles/CMakeTmp/CheckSymbolExists.cxx
/home/users/matthew/DDSA-ARGoS/build/CMakeFiles/CMakeTmp/CheckSymbolExists.cxx: In function ‘int main(int, char**)’:
/home/users/matthew/DDSA-ARGoS/build/CMakeFiles/CMakeTmp/CheckSymbolExists.cxx:8:19: error: ‘Q_WS_QWS’ was not declared in this scope
   return ((int*)(&Q_WS_QWS))[argc];
                   ^
make[1]: Leaving directory `/home/users/matthew/DDSA-ARGoS/build/CMakeFiles/CMakeTmp'
make[1]: *** [CMakeFiles/cmTryCompileExec2771039098.dir/CheckSymbolExists.cxx.o] Error 1
make: *** [cmTryCompileExec2771039098/fast] Error 2

File /home/users/matthew/DDSA-ARGoS/build/CMakeFiles/CMakeTmp/CheckSymbolExists.cxx:
/* */
#include <QtCore/qglobal.h>

int main(int argc, char** argv)
{
  (void)argv;
#ifndef Q_WS_QWS
  return ((int*)(&Q_WS_QWS))[argc];
#else
  (void)argc;
  return 0;
#endif
}

Determining if the Q_WS_MAC exist failed with the following output:
Change Dir: /home/users/matthew/DDSA-ARGoS/build/CMakeFiles/CMakeTmp

Run Build Command:/usr/bin/make "cmTryCompileExec2902402209/fast"
/usr/bin/make -f CMakeFiles/cmTryCompileExec2902402209.dir/build.make CMakeFiles/cmTryCompileExec2902402209.dir/build
make[1]: Entering directory `/home/users/matthew/DDSA-ARGoS/build/CMakeFiles/CMakeTmp'
/usr/bin/cmake -E cmake_progress_report /home/users/matthew/DDSA-ARGoS/build/CMakeFiles/CMakeTmp/CMakeFiles 1
Building CXX object CMakeFiles/cmTryCompileExec2902402209.dir/CheckSymbolExists.cxx.o
/usr/bin/c++    -std=c++0x  -I/usr/include/qt4    -o CMakeFiles/cmTryCompileExec2902402209.dir/CheckSymbolExists.cxx.o -c /home/users/matthew/DDSA-ARGoS/build/CMakeFiles/CMakeTmp/CheckSymbolExists.cxx
/home/users/matthew/DDSA-ARGoS/build/CMakeFiles/CMakeTmp/CheckSymbolExists.cxx: In function ‘int main(int, char**)’:
/home/users/matthew/DDSA-ARGoS/build/CMakeFiles/CMakeTmp/CheckSymbolExists.cxx:8:19: error: ‘Q_WS_MAC’ was not declared in this scope
   return ((int*)(&Q_WS_MAC))[argc];
                   ^
make[1]: Leaving directory `/home/users/matthew/DDSA-ARGoS/build/CMakeFiles/CMakeTmp'
make[1]: *** [CMakeFiles/cmTryCompileExec2902402209.dir/CheckSymbolExists.cxx.o] Error 1
make: *** [cmTryCompileExec2902402209/fast] Error 2

File /home/users/matthew/DDSA-ARGoS/build/CMakeFiles/CMakeTmp/CheckSymbolExists.cxx:
/* */
#include <QtCore/qglobal.h>

int main(int argc, char** argv)
{
  (void)argv;
#ifndef Q_WS_MAC
  return ((int*)(&Q_WS_MAC))[argc];
#else
  (void)argc;
  return 0;
#endif
}

